2024-06-17 14:03:57.702 [info] Log level: Info
2024-06-17 14:03:57.702 [info] Validating found git in: "git"
2024-06-17 14:03:57.702 [info] Using git "2.45.2" from "git"
2024-06-17 14:03:57.751 [info] > git rev-parse --show-toplevel [61ms]
2024-06-17 14:03:57.759 [info] > git rev-parse --git-dir --git-common-dir [2ms]
2024-06-17 14:03:57.792 [info] Open repository: /home/tony-mark/phase-0-html-lists-lab
2024-06-17 14:03:57.822 [info] > git rev-parse --show-toplevel [4ms]
2024-06-17 14:03:57.825 [info] > git config --get commit.template [10ms]
2024-06-17 14:03:57.847 [info] > git rev-parse --show-toplevel [8ms]
2024-06-17 14:03:57.898 [info] > git for-each-ref --format=%(refname)%00%(upstream:short)%00%(objectname)%00%(upstream:track)%00%(upstream:remotename)%00%(upstream:remoteref) refs/heads/master refs/remotes/master [53ms]
2024-06-17 14:03:57.903 [warning] ENOENT: no such file or directory, open '/home/tony-mark/phase-0-html-lists-lab/.git/refs/remotes/origin/master'
2024-06-17 14:03:57.905 [info] > git rev-parse refs/remotes/origin/master [3ms]
2024-06-17 14:03:57.924 [info] > git status -z -uall [9ms]
2024-06-17 14:03:57.964 [info] > git config --get commit.template [1ms]
2024-06-17 14:03:57.972 [info] > git for-each-ref --format=%(refname)%00%(upstream:short)%00%(objectname)%00%(upstream:track)%00%(upstream:remotename)%00%(upstream:remoteref) refs/heads/master refs/remotes/master [4ms]
2024-06-17 14:03:57.976 [warning] ENOENT: no such file or directory, open '/home/tony-mark/phase-0-html-lists-lab/.git/refs/remotes/origin/master'
2024-06-17 14:03:57.979 [info] > git rev-parse refs/remotes/origin/master [2ms]
2024-06-17 14:03:57.992 [info] > git status -z -uall [8ms]
2024-06-17 14:03:58.032 [info] > git merge-base refs/heads/master refs/remotes/origin/master [101ms]
2024-06-17 14:03:58.040 [info] > git rev-list --count --left-right refs/heads/master...refs/remotes/origin/master [4ms]
2024-06-17 14:03:58.085 [info] > git diff --name-status -z --diff-filter=ADMR 4baf1fb9d43b7c37f76fb06488d5a16c03683bf0...refs/remotes/origin/master [39ms]
2024-06-17 14:03:59.254 [info] > git check-ignore -v -z --stdin [3ms]
2024-06-17 14:04:09.186 [info] > git show --textconv :test/indexTest.js [97ms]
2024-06-17 14:04:09.187 [info] > git ls-files --stage -- /home/tony-mark/phase-0-html-lists-lab/test/indexTest.js [83ms]
2024-06-17 14:04:09.273 [info] > git cat-file -s a88b0149ebf1d33e77a8f6011e5c9c26fa334203 [55ms]
2024-06-17 14:04:09.668 [info] > git show --textconv :test/helpers.js [5ms]
2024-06-17 14:04:09.698 [info] > git ls-files --stage -- /home/tony-mark/phase-0-html-lists-lab/test/helpers.js [31ms]
2024-06-17 14:04:09.713 [info] > git cat-file -s debbcc08f844e607d65f3d0e97adc7ca37f2442d [11ms]
2024-06-17 14:06:27.801 [info] > git check-ignore -v -z --stdin [4ms]
2024-06-17 14:07:06.043 [info] > git config --get commit.template [7ms]
2024-06-17 14:07:06.051 [info] > git for-each-ref --format=%(refname)%00%(upstream:short)%00%(objectname)%00%(upstream:track)%00%(upstream:remotename)%00%(upstream:remoteref) refs/heads/master refs/remotes/master [10ms]
2024-06-17 14:07:06.057 [warning] ENOENT: no such file or directory, open '/home/tony-mark/phase-0-html-lists-lab/.git/refs/remotes/origin/master'
2024-06-17 14:07:06.066 [info] > git rev-parse refs/remotes/origin/master [8ms]
2024-06-17 14:07:06.083 [info] > git status -z -uall [13ms]
2024-06-17 14:07:13.260 [info] > git show --textconv :.canvas [8ms]
2024-06-17 14:07:13.264 [info] > git ls-files --stage -- /home/tony-mark/phase-0-html-lists-lab/.canvas [5ms]
2024-06-17 14:07:13.276 [info] > git cat-file -s 07833150947e1535b646311389e0476a297db114 [5ms]
2024-06-17 14:07:15.783 [info] > git show --textconv :.gitignore [15ms]
2024-06-17 14:07:15.785 [info] > git ls-files --stage -- /home/tony-mark/phase-0-html-lists-lab/.gitignore [3ms]
2024-06-17 14:07:15.793 [info] > git cat-file -s 890e234eaeda4792e72f121d2534d5f532ef3380 [2ms]
2024-06-17 14:07:18.009 [info] > git show --textconv :test/helpers.js [17ms]
2024-06-17 14:07:18.012 [info] > git ls-files --stage -- /home/tony-mark/phase-0-html-lists-lab/test/helpers.js [5ms]
2024-06-17 14:07:18.022 [info] > git cat-file -s debbcc08f844e607d65f3d0e97adc7ca37f2442d [5ms]
