2024-06-15 18:23:40.670 [info] Log level: Info
2024-06-15 18:23:40.670 [info] Validating found git in: "git"
2024-06-15 18:23:40.670 [info] Using git "2.45.2" from "git"
2024-06-15 18:23:40.670 [info] > git rev-parse --show-toplevel [17ms]
2024-06-15 18:23:40.670 [info] > git rev-parse --git-dir --git-common-dir [10ms]
2024-06-15 18:23:40.670 [info] Open repository: /home/tony-mark/Development/code/se-prep/phase-0-html-experiencing-html-lab
2024-06-15 18:23:40.684 [info] > git rev-parse --show-toplevel [15ms]
2024-06-15 18:23:40.686 [info] > git config --get commit.template [33ms]
2024-06-15 18:23:40.852 [info] > git rev-parse --show-toplevel [161ms]
2024-06-15 18:23:40.872 [info] > git for-each-ref --format=%(refname)%00%(upstream:short)%00%(objectname)%00%(upstream:track)%00%(upstream:remotename)%00%(upstream:remoteref) refs/heads/master refs/remotes/master [97ms]
2024-06-15 18:23:40.880 [warning] ENOENT: no such file or directory, open '/home/tony-mark/Development/code/se-prep/phase-0-html-experiencing-html-lab/.git/refs/remotes/origin/master'
2024-06-15 18:23:40.882 [info] > git rev-parse refs/remotes/origin/master [3ms]
2024-06-15 18:23:40.897 [info] > git status -z -uall [9ms]
2024-06-15 18:23:40.920 [info] > git merge-base refs/heads/master refs/remotes/origin/master [17ms]
2024-06-15 18:23:40.928 [info] > git config --get commit.template [8ms]
2024-06-15 18:23:40.935 [info] > git rev-list --count --left-right refs/heads/master...refs/remotes/origin/master [10ms]
2024-06-15 18:23:40.950 [info] > git diff --name-status -z --diff-filter=ADMR 8227d50735b150ab4b4b4d88a74e4cc8687ea141...refs/remotes/origin/master [2ms]
2024-06-15 18:23:40.952 [info] > git for-each-ref --format=%(refname)%00%(upstream:short)%00%(objectname)%00%(upstream:track)%00%(upstream:remotename)%00%(upstream:remoteref) refs/heads/master refs/remotes/master [19ms]
2024-06-15 18:23:40.968 [warning] ENOENT: no such file or directory, open '/home/tony-mark/Development/code/se-prep/phase-0-html-experiencing-html-lab/.git/refs/remotes/origin/master'
2024-06-15 18:23:40.974 [info] > git rev-parse refs/remotes/origin/master [7ms]
2024-06-15 18:23:40.990 [info] > git status -z -uall [7ms]
2024-06-15 18:23:41.315 [info] > git check-ignore -v -z --stdin [9ms]
2024-06-15 18:24:10.748 [info] > git config --get commit.template [15ms]
2024-06-15 18:24:10.755 [info] > git for-each-ref --format=%(refname)%00%(upstream:short)%00%(objectname)%00%(upstream:track)%00%(upstream:remotename)%00%(upstream:remoteref) refs/heads/master refs/remotes/master [24ms]
2024-06-15 18:24:10.770 [warning] ENOENT: no such file or directory, open '/home/tony-mark/Development/code/se-prep/phase-0-html-experiencing-html-lab/.git/refs/remotes/origin/master'
2024-06-15 18:24:10.771 [info] > git check-ignore -v -z --stdin [6ms]
2024-06-15 18:24:10.779 [info] > git rev-parse refs/remotes/origin/master [10ms]
2024-06-15 18:24:10.788 [info] > git status -z -uall [4ms]
2024-06-15 18:25:02.656 [info] > git show --textconv :mylist.txt [24ms]
2024-06-15 18:25:02.656 [info] > git ls-files --stage -- /home/tony-mark/Development/code/se-prep/phase-0-html-experiencing-html-lab/mylist.txt [8ms]
2024-06-15 18:25:08.549 [info] > git config --get commit.template [16ms]
2024-06-15 18:25:08.550 [info] > git for-each-ref --format=%(refname)%00%(upstream:short)%00%(objectname)%00%(upstream:track)%00%(upstream:remotename)%00%(upstream:remoteref) refs/heads/master refs/remotes/master [5ms]
2024-06-15 18:25:08.556 [warning] ENOENT: no such file or directory, open '/home/tony-mark/Development/code/se-prep/phase-0-html-experiencing-html-lab/.git/refs/remotes/origin/master'
2024-06-15 18:25:08.559 [info] > git rev-parse refs/remotes/origin/master [3ms]
2024-06-15 18:25:08.569 [info] > git status -z -uall [5ms]
2024-06-15 18:25:22.541 [info] > git config --get commit.template [16ms]
2024-06-15 18:25:22.543 [info] > git for-each-ref --format=%(refname)%00%(upstream:short)%00%(objectname)%00%(upstream:track)%00%(upstream:remotename)%00%(upstream:remoteref) refs/heads/master refs/remotes/master [4ms]
2024-06-15 18:25:22.551 [warning] ENOENT: no such file or directory, open '/home/tony-mark/Development/code/se-prep/phase-0-html-experiencing-html-lab/.git/refs/remotes/origin/master'
2024-06-15 18:25:22.554 [info] > git rev-parse refs/remotes/origin/master [3ms]
2024-06-15 18:25:22.563 [info] > git status -z -uall [4ms]
2024-06-15 18:25:22.714 [info] > git check-ignore -v -z --stdin [5ms]
2024-06-15 18:26:08.725 [info] > git show --textconv :mylist.html [30ms]
2024-06-15 18:26:08.725 [info] > git ls-files --stage -- /home/tony-mark/Development/code/se-prep/phase-0-html-experiencing-html-lab/mylist.html [26ms]
2024-06-15 18:28:19.999 [info] > git show --textconv :mylist.html [11ms]
2024-06-15 18:28:20.003 [info] > git ls-files --stage -- /home/tony-mark/Development/code/se-prep/phase-0-html-experiencing-html-lab/mylist.html [8ms]
2024-06-15 18:29:17.587 [info] > git show --textconv :mylist.html [19ms]
2024-06-15 18:29:17.590 [info] > git ls-files --stage -- /home/tony-mark/Development/code/se-prep/phase-0-html-experiencing-html-lab/mylist.html [6ms]
2024-06-15 18:30:15.298 [info] > git config --get commit.template [24ms]
2024-06-15 18:30:15.307 [info] > git for-each-ref --format=%(refname)%00%(upstream:short)%00%(objectname)%00%(upstream:track)%00%(upstream:remotename)%00%(upstream:remoteref) refs/heads/master refs/remotes/master [15ms]
2024-06-15 18:30:15.320 [warning] ENOENT: no such file or directory, open '/home/tony-mark/Development/code/se-prep/phase-0-html-experiencing-html-lab/.git/refs/remotes/origin/master'
2024-06-15 18:30:15.322 [info] > git rev-parse refs/remotes/origin/master [3ms]
2024-06-15 18:30:15.363 [info] > git status -z -uall [5ms]
2024-06-15 18:30:20.396 [info] > git config --get commit.template [16ms]
2024-06-15 18:30:20.401 [info] > git for-each-ref --format=%(refname)%00%(upstream:short)%00%(objectname)%00%(upstream:track)%00%(upstream:remotename)%00%(upstream:remoteref) refs/heads/master refs/remotes/master [6ms]
2024-06-15 18:30:20.413 [warning] ENOENT: no such file or directory, open '/home/tony-mark/Development/code/se-prep/phase-0-html-experiencing-html-lab/.git/refs/remotes/origin/master'
2024-06-15 18:30:20.415 [info] > git rev-parse refs/remotes/origin/master [2ms]
2024-06-15 18:30:20.452 [info] > git status -z -uall [24ms]
2024-06-15 18:30:52.425 [info] > git config --get commit.template [7ms]
2024-06-15 18:30:52.429 [info] > git for-each-ref --format=%(refname)%00%(upstream:short)%00%(objectname)%00%(upstream:track)%00%(upstream:remotename)%00%(upstream:remoteref) refs/heads/master refs/remotes/master [5ms]
2024-06-15 18:30:52.434 [warning] ENOENT: no such file or directory, open '/home/tony-mark/Development/code/se-prep/phase-0-html-experiencing-html-lab/.git/refs/remotes/origin/master'
2024-06-15 18:30:52.437 [info] > git rev-parse refs/remotes/origin/master [3ms]
2024-06-15 18:30:52.447 [info] > git status -z -uall [6ms]
2024-06-15 18:30:59.794 [info] > git config --get commit.template [39ms]
2024-06-15 18:30:59.818 [info] > git for-each-ref --format=%(refname)%00%(upstream:short)%00%(objectname)%00%(upstream:track)%00%(upstream:remotename)%00%(upstream:remoteref) refs/heads/master refs/remotes/master [30ms]
2024-06-15 18:30:59.824 [warning] ENOENT: no such file or directory, open '/home/tony-mark/Development/code/se-prep/phase-0-html-experiencing-html-lab/.git/refs/remotes/origin/master'
2024-06-15 18:30:59.835 [info] > git rev-parse refs/remotes/origin/master [11ms]
2024-06-15 18:30:59.854 [info] > git status -z -uall [14ms]
2024-06-15 18:31:14.898 [info] > git config --get commit.template [24ms]
2024-06-15 18:31:14.903 [info] > git for-each-ref --format=%(refname)%00%(upstream:short)%00%(objectname)%00%(upstream:track)%00%(upstream:remotename)%00%(upstream:remoteref) refs/heads/master refs/remotes/master [10ms]
2024-06-15 18:31:14.916 [warning] ENOENT: no such file or directory, open '/home/tony-mark/Development/code/se-prep/phase-0-html-experiencing-html-lab/.git/refs/remotes/origin/master'
2024-06-15 18:31:14.922 [info] > git rev-parse refs/remotes/origin/master [7ms]
2024-06-15 18:31:14.949 [info] > git status -z -uall [14ms]
2024-06-15 18:31:21.566 [info] > git config --get commit.template [9ms]
2024-06-15 18:31:21.582 [info] > git for-each-ref --format=%(refname)%00%(upstream:short)%00%(objectname)%00%(upstream:track)%00%(upstream:remotename)%00%(upstream:remoteref) refs/heads/master refs/remotes/master [5ms]
2024-06-15 18:31:21.588 [warning] ENOENT: no such file or directory, open '/home/tony-mark/Development/code/se-prep/phase-0-html-experiencing-html-lab/.git/refs/remotes/origin/master'
2024-06-15 18:31:21.591 [info] > git rev-parse refs/remotes/origin/master [3ms]
2024-06-15 18:31:21.601 [info] > git status -z -uall [4ms]
2024-06-15 18:31:25.502 [info] > git show --textconv :mylist.txt [9ms]
2024-06-15 18:31:25.507 [info] > git ls-files --stage -- /home/tony-mark/Development/code/se-prep/phase-0-html-experiencing-html-lab/mylist.txt [7ms]
2024-06-15 18:31:26.658 [info] > git config --get commit.template [22ms]
2024-06-15 18:31:26.666 [info] > git for-each-ref --format=%(refname)%00%(upstream:short)%00%(objectname)%00%(upstream:track)%00%(upstream:remotename)%00%(upstream:remoteref) refs/heads/master refs/remotes/master [12ms]
2024-06-15 18:31:26.681 [warning] ENOENT: no such file or directory, open '/home/tony-mark/Development/code/se-prep/phase-0-html-experiencing-html-lab/.git/refs/remotes/origin/master'
2024-06-15 18:31:26.689 [info] > git rev-parse refs/remotes/origin/master [7ms]
2024-06-15 18:31:26.721 [info] > git status -z -uall [17ms]
2024-06-15 18:31:28.208 [info] > git show --textconv :mylist.html [16ms]
2024-06-15 18:31:28.218 [info] > git ls-files --stage -- /home/tony-mark/Development/code/se-prep/phase-0-html-experiencing-html-lab/mylist.html [11ms]
2024-06-15 18:31:31.778 [info] > git config --get commit.template [17ms]
2024-06-15 18:31:31.788 [info] > git for-each-ref --format=%(refname)%00%(upstream:short)%00%(objectname)%00%(upstream:track)%00%(upstream:remotename)%00%(upstream:remoteref) refs/heads/master refs/remotes/master [13ms]
2024-06-15 18:31:31.802 [warning] ENOENT: no such file or directory, open '/home/tony-mark/Development/code/se-prep/phase-0-html-experiencing-html-lab/.git/refs/remotes/origin/master'
2024-06-15 18:31:31.811 [info] > git rev-parse refs/remotes/origin/master [8ms]
2024-06-15 18:31:31.837 [info] > git status -z -uall [14ms]
2024-06-15 18:31:36.882 [info] > git config --get commit.template [17ms]
2024-06-15 18:31:36.890 [info] > git for-each-ref --format=%(refname)%00%(upstream:short)%00%(objectname)%00%(upstream:track)%00%(upstream:remotename)%00%(upstream:remoteref) refs/heads/master refs/remotes/master [11ms]
2024-06-15 18:31:36.904 [warning] ENOENT: no such file or directory, open '/home/tony-mark/Development/code/se-prep/phase-0-html-experiencing-html-lab/.git/refs/remotes/origin/master'
2024-06-15 18:31:36.913 [info] > git rev-parse refs/remotes/origin/master [8ms]
2024-06-15 18:31:36.935 [info] > git status -z -uall [11ms]
2024-06-15 18:31:48.132 [info] > git check-ignore -v -z --stdin [9ms]
2024-06-15 18:31:56.788 [info] > git config --get commit.template [8ms]
2024-06-15 18:31:56.789 [info] > git for-each-ref --format=%(refname)%00%(upstream:short)%00%(objectname)%00%(upstream:track)%00%(upstream:remotename)%00%(upstream:remoteref) refs/heads/master refs/remotes/master [2ms]
2024-06-15 18:31:56.794 [warning] ENOENT: no such file or directory, open '/home/tony-mark/Development/code/se-prep/phase-0-html-experiencing-html-lab/.git/refs/remotes/origin/master'
2024-06-15 18:31:56.795 [info] > git rev-parse refs/remotes/origin/master [2ms]
2024-06-15 18:31:56.802 [info] > git status -z -uall [4ms]
2024-06-15 18:32:01.844 [info] > git config --get commit.template [18ms]
2024-06-15 18:32:01.847 [info] > git for-each-ref --format=%(refname)%00%(upstream:short)%00%(objectname)%00%(upstream:track)%00%(upstream:remotename)%00%(upstream:remoteref) refs/heads/master refs/remotes/master [9ms]
2024-06-15 18:32:01.860 [warning] ENOENT: no such file or directory, open '/home/tony-mark/Development/code/se-prep/phase-0-html-experiencing-html-lab/.git/refs/remotes/origin/master'
2024-06-15 18:32:01.865 [info] > git rev-parse refs/remotes/origin/master [5ms]
2024-06-15 18:32:01.877 [info] > git status -z -uall [5ms]
2024-06-15 18:32:06.906 [info] > git config --get commit.template [13ms]
2024-06-15 18:32:06.911 [info] > git for-each-ref --format=%(refname)%00%(upstream:short)%00%(objectname)%00%(upstream:track)%00%(upstream:remotename)%00%(upstream:remoteref) refs/heads/master refs/remotes/master [7ms]
2024-06-15 18:32:06.924 [warning] ENOENT: no such file or directory, open '/home/tony-mark/Development/code/se-prep/phase-0-html-experiencing-html-lab/.git/refs/remotes/origin/master'
2024-06-15 18:32:06.925 [info] > git rev-parse refs/remotes/origin/master [7ms]
2024-06-15 18:32:06.941 [info] > git status -z -uall [8ms]
2024-06-15 18:32:12.020 [info] > git config --get commit.template [39ms]
2024-06-15 18:32:12.021 [info] > git for-each-ref --format=%(refname)%00%(upstream:short)%00%(objectname)%00%(upstream:track)%00%(upstream:remotename)%00%(upstream:remoteref) refs/heads/master refs/remotes/master [5ms]
2024-06-15 18:32:12.028 [warning] ENOENT: no such file or directory, open '/home/tony-mark/Development/code/se-prep/phase-0-html-experiencing-html-lab/.git/refs/remotes/origin/master'
2024-06-15 18:32:12.036 [info] > git rev-parse refs/remotes/origin/master [7ms]
2024-06-15 18:32:12.047 [info] > git status -z -uall [4ms]
2024-06-15 18:32:47.463 [info] > git for-each-ref --format=%(refname)%00%(upstream:short)%00%(objectname)%00%(upstream:track)%00%(upstream:remotename)%00%(upstream:remoteref) refs/heads/master refs/remotes/master [6ms]
2024-06-15 18:32:47.464 [info] > git config --get commit.template [16ms]
2024-06-15 18:32:47.471 [warning] ENOENT: no such file or directory, open '/home/tony-mark/Development/code/se-prep/phase-0-html-experiencing-html-lab/.git/refs/remotes/origin/master'
2024-06-15 18:32:47.475 [info] > git rev-parse refs/remotes/origin/master [4ms]
2024-06-15 18:32:47.486 [info] > git status -z -uall [6ms]
2024-06-15 18:32:48.535 [info] > git show --textconv :my_list.html [6ms]
2024-06-15 18:32:48.537 [info] > git ls-files --stage -- /home/tony-mark/Development/code/se-prep/phase-0-html-experiencing-html-lab/my_list.html [4ms]
2024-06-15 18:32:48.785 [info] > git check-ignore -v -z --stdin [10ms]
2024-06-15 18:32:52.515 [info] > git config --get commit.template [9ms]
2024-06-15 18:32:52.546 [info] > git for-each-ref --format=%(refname)%00%(upstream:short)%00%(objectname)%00%(upstream:track)%00%(upstream:remotename)%00%(upstream:remoteref) refs/heads/master refs/remotes/master [5ms]
2024-06-15 18:32:52.558 [warning] ENOENT: no such file or directory, open '/home/tony-mark/Development/code/se-prep/phase-0-html-experiencing-html-lab/.git/refs/remotes/origin/master'
2024-06-15 18:32:52.565 [info] > git rev-parse refs/remotes/origin/master [7ms]
2024-06-15 18:32:52.590 [info] > git status -z -uall [13ms]
2024-06-15 18:33:03.816 [info] > git config --get commit.template [35ms]
2024-06-15 18:33:03.817 [info] > git for-each-ref --format=%(refname)%00%(upstream:short)%00%(objectname)%00%(upstream:track)%00%(upstream:remotename)%00%(upstream:remoteref) refs/heads/master refs/remotes/master [10ms]
2024-06-15 18:33:03.823 [warning] ENOENT: no such file or directory, open '/home/tony-mark/Development/code/se-prep/phase-0-html-experiencing-html-lab/.git/refs/remotes/origin/master'
2024-06-15 18:33:03.833 [info] > git rev-parse refs/remotes/origin/master [9ms]
2024-06-15 18:33:03.842 [info] > git status -z -uall [4ms]
2024-06-15 18:33:28.690 [info] > git config --get commit.template [9ms]
2024-06-15 18:33:28.713 [info] > git for-each-ref --format=%(refname)%00%(upstream:short)%00%(objectname)%00%(upstream:track)%00%(upstream:remotename)%00%(upstream:remoteref) refs/heads/master refs/remotes/master [6ms]
2024-06-15 18:33:28.720 [warning] ENOENT: no such file or directory, open '/home/tony-mark/Development/code/se-prep/phase-0-html-experiencing-html-lab/.git/refs/remotes/origin/master'
2024-06-15 18:33:28.723 [info] > git rev-parse refs/remotes/origin/master [3ms]
2024-06-15 18:33:28.733 [info] > git status -z -uall [4ms]
2024-06-15 18:33:28.830 [info] > git ls-files --stage -- /home/tony-mark/Development/code/se-prep/phase-0-html-experiencing-html-lab/my_list.html [4ms]
2024-06-15 18:33:28.841 [info] > git cat-file -s 6e537fef68c41ab7c30816943f99c50e76228a78 [4ms]
2024-06-15 18:33:28.911 [info] > git show --textconv :my_list.html [5ms]
2024-06-15 18:34:10.003 [info] > git config --get commit.template [15ms]
2024-06-15 18:34:10.009 [info] > git for-each-ref --format=%(refname)%00%(upstream:short)%00%(objectname)%00%(upstream:track)%00%(upstream:remotename)%00%(upstream:remoteref) refs/heads/master refs/remotes/master [7ms]
2024-06-15 18:34:10.020 [warning] ENOENT: no such file or directory, open '/home/tony-mark/Development/code/se-prep/phase-0-html-experiencing-html-lab/.git/refs/remotes/origin/master'
2024-06-15 18:34:10.026 [info] > git rev-parse refs/remotes/origin/master [6ms]
2024-06-15 18:34:10.045 [info] > git status -z -uall [8ms]
2024-06-15 18:34:10.065 [info] > git merge-base refs/heads/master refs/remotes/origin/master [9ms]
2024-06-15 18:34:10.079 [info] > git rev-list --count --left-right refs/heads/master...refs/remotes/origin/master [7ms]
2024-06-15 18:34:10.086 [info] > git diff --name-status -z --diff-filter=ADMR 8227d50735b150ab4b4b4d88a74e4cc8687ea141...refs/remotes/origin/master [3ms]
2024-06-15 18:34:10.138 [info] > git ls-files --stage -- /home/tony-mark/Development/code/se-prep/phase-0-html-experiencing-html-lab/my_list.html [3ms]
2024-06-15 18:34:10.146 [info] > git cat-file -s 6e537fef68c41ab7c30816943f99c50e76228a78 [3ms]
2024-06-15 18:34:10.172 [info] > git show --textconv :my_list.html [3ms]
2024-06-15 18:34:21.806 [info] > git config --get commit.template [13ms]
2024-06-15 18:34:21.809 [info] > git for-each-ref --format=%(refname)%00%(upstream:short)%00%(objectname)%00%(upstream:track)%00%(upstream:remotename)%00%(upstream:remoteref) refs/heads/master refs/remotes/master [5ms]
2024-06-15 18:34:21.824 [info] > git status -z -uall [5ms]
2024-06-15 18:34:21.844 [info] > git merge-base refs/heads/master refs/remotes/origin/master [9ms]
2024-06-15 18:34:21.874 [info] > git rev-list --count --left-right refs/heads/master...refs/remotes/origin/master [19ms]
2024-06-15 18:34:21.885 [info] > git diff --name-status -z --diff-filter=ADMR 13784f1a3f42ea6abcc88fa1bdf95343645b72db...refs/remotes/origin/master [2ms]
2024-06-15 18:34:21.897 [info] > git ls-files --stage -- /home/tony-mark/Development/code/se-prep/phase-0-html-experiencing-html-lab/my_list.html [4ms]
2024-06-15 18:34:21.904 [info] > git cat-file -s 6e537fef68c41ab7c30816943f99c50e76228a78 [3ms]
2024-06-15 18:34:21.918 [info] > git show --textconv :my_list.html [3ms]
2024-06-15 21:20:01.365 [info] > git ls-files --stage -- /home/tony-mark/Development/code/se-prep/phase-0-html-experiencing-html-lab/mylist.txt [25ms]
2024-06-15 21:20:01.408 [info] > git show --textconv :mylist.txt [84ms]
2024-06-15 21:20:01.424 [info] > git cat-file -s 7cb00b1d701f2cb05d037f37c5db2f13353d7249 [17ms]
