2024-06-17 15:46:45.678 [info] Extension host with pid 31967 started
2024-06-17 15:46:45.731 [info] ExtensionService#_doActivateExtension vscode.tunnel-forwarding, startup: false, activationEvent: 'onTunnel'
2024-06-17 15:46:45.742 [info] ExtensionService#_doActivateExtension vscode.emmet, startup: false, activationEvent: 'onLanguage'
2024-06-17 15:46:45.743 [info] ExtensionService#_doActivateExtension vscode.html-language-features, startup: false, activationEvent: 'onLanguage:html'
2024-06-17 15:46:46.695 [info] Lock '/home/tony-mark/.vscode-server/data/User/workspaceStorage/50506b8698366a302639a5fc19e4234a/vscode.lock': Lock acquired.
2024-06-17 15:46:47.422 [info] ExtensionService#_doActivateExtension vscode.git-base, startup: true, activationEvent: '*', root cause: vscode.git
2024-06-17 15:46:47.557 [info] ExtensionService#_doActivateExtension vscode.npm, startup: true, activationEvent: 'workspaceContains:package.json'
2024-06-17 15:46:47.620 [info] ExtensionService#_doActivateExtension vscode.git, startup: true, activationEvent: '*'
2024-06-17 15:46:47.620 [info] ExtensionService#_doActivateExtension vscode.github, startup: true, activationEvent: '*'
2024-06-17 15:46:48.313 [info] Eager extensions activated
2024-06-17 15:46:48.315 [info] ExtensionService#_doActivateExtension vscode.debug-auto-launch, startup: false, activationEvent: 'onStartupFinished'
2024-06-17 15:46:48.364 [info] ExtensionService#_doActivateExtension vscode.merge-conflict, startup: false, activationEvent: 'onStartupFinished'
2024-06-17 15:46:48.371 [info] ExtensionService#_doActivateExtension ritwickdey.LiveServer, startup: false, activationEvent: 'onStartupFinished'
2024-06-17 22:47:25.717 [error] Error: Failed to execute git
	at t.Git._exec (/home/tony-mark/.vscode-server/bin/611f9bfce64f25108829dd295f54a6894e87339d/extensions/git/dist/main.js:2:906967)
	at async t.Git.exec (/home/tony-mark/.vscode-server/bin/611f9bfce64f25108829dd295f54a6894e87339d/extensions/git/dist/main.js:2:906035)
	at async N.exec (/home/tony-mark/.vscode-server/bin/611f9bfce64f25108829dd295f54a6894e87339d/extensions/git/dist/main.js:2:911538)
	at async N.getRemotesGit (/home/tony-mark/.vscode-server/bin/611f9bfce64f25108829dd295f54a6894e87339d/extensions/git/dist/main.js:2:931077)
	at async N.getRemotes (/home/tony-mark/.vscode-server/bin/611f9bfce64f25108829dd295f54a6894e87339d/extensions/git/dist/main.js:2:930809)
	at async Promise.all (index 1)
	at async T._updateModelState (/home/tony-mark/.vscode-server/bin/611f9bfce64f25108829dd295f54a6894e87339d/extensions/git/dist/main.js:2:1024487)
	at async T.updateModelState (/home/tony-mark/.vscode-server/bin/611f9bfce64f25108829dd295f54a6894e87339d/extensions/git/dist/main.js:2:1024314)
	at async T.run (/home/tony-mark/.vscode-server/bin/611f9bfce64f25108829dd295f54a6894e87339d/extensions/git/dist/main.js:2:1023522)
	at async T.status (/home/tony-mark/.vscode-server/bin/611f9bfce64f25108829dd295f54a6894e87339d/extensions/git/dist/main.js:2:1004715)
2024-06-17 22:48:35.305 [info] Extension host terminating: received terminate message from renderer
2024-06-17 22:48:35.514 [info] Lock '/home/tony-mark/.vscode-server/data/User/workspaceStorage/50506b8698366a302639a5fc19e4234a/vscode.lock': Marking the lockfile as scheduled to be released in 6000 ms.
2024-06-17 22:48:52.405 [error] Error: Stopping the server timed out
	at /home/tony-mark/.vscode-server/bin/611f9bfce64f25108829dd295f54a6894e87339d/extensions/html-language-features/client/dist/node/htmlClientMain.js:1:263984
	at async Object.dispose (/home/tony-mark/.vscode-server/bin/611f9bfce64f25108829dd295f54a6894e87339d/extensions/html-language-features/client/dist/node/htmlClientMain.js:1:496593)
	at async Object.dispose (/home/tony-mark/.vscode-server/bin/611f9bfce64f25108829dd295f54a6894e87339d/extensions/html-language-features/client/dist/node/htmlClientMain.js:1:492068)
	at async e.deactivate (/home/tony-mark/.vscode-server/bin/611f9bfce64f25108829dd295f54a6894e87339d/extensions/html-language-features/client/dist/node/htmlClientMain.js:1:557535)
	at async Promise.all (index 5)
	at async u.$ (/home/tony-mark/.vscode-server/bin/611f9bfce64f25108829dd295f54a6894e87339d/out/vs/workbench/api/node/extensionHostProcess.js:161:7882)
2024-06-17 22:48:52.405 [info] Extension host with pid 31967 exiting with code 0
