0 verbose cli [ '/usr/bin/node', '/usr/bin/npm', 'test' ]
1 info using npm@8.5.1
2 info using node@v12.22.9
3 timing npm:load:whichnode Completed in 1ms
4 timing config:load:defaults Completed in 4ms
5 timing config:load:file:/usr/share/nodejs/npm/npmrc Completed in 6ms
6 timing config:load:builtin Completed in 7ms
7 timing config:load:cli Completed in 4ms
8 timing config:load:env Completed in 1ms
9 timing config:load:file:/home/tony-mark/phase-0-html-lists-lab/.npmrc Completed in 1ms
10 timing config:load:project Completed in 3ms
11 timing config:load:file:/home/tony-mark/.npmrc Completed in 0ms
12 timing config:load:user Completed in 0ms
13 timing config:load:file:/etc/npmrc Completed in 0ms
14 timing config:load:global Completed in 0ms
15 timing config:load:validate Completed in 0ms
16 timing config:load:credentials Completed in 1ms
17 timing config:load:setEnvs Completed in 1ms
18 timing config:load Completed in 23ms
19 timing npm:load:configload Completed in 23ms
20 timing npm:load:setTitle Completed in 0ms
21 timing config:load:flatten Completed in 5ms
22 timing npm:load:display Completed in 8ms
23 verbose logfile /home/tony-mark/.npm/_logs/2024-06-17T11_27_20_269Z-debug-0.log
24 timing npm:load:logFile Completed in 7ms
25 timing npm:load:timers Completed in 1ms
26 timing npm:load:configScope Completed in 0ms
27 timing npm:load Completed in 42ms
28 silly logfile start cleaning logs, removing 1 files
29 timing command:run-script Completed in 1388ms
30 timing command:test Completed in 1395ms
31 verbose exit 3
32 timing npm Completed in 1646ms
33 verbose code 3
