2024-06-12 12:45:17.028 [info] Log level: Info
2024-06-12 12:45:17.028 [info] Validating found git in: "git"
2024-06-12 12:45:17.116 [info] Using git "2.34.1" from "git"
2024-06-12 12:45:17.583 [info] > git rev-parse --show-toplevel [250ms]
2024-06-12 12:45:17.654 [info] > git rev-parse --git-dir --git-common-dir [7ms]
2024-06-12 12:45:17.717 [info] Open repository: /home/tony-mark/Development/code/se-prep/phase-0-completing-assignments-codegrade
2024-06-12 12:45:17.839 [info] > git config --get commit.template [82ms]
2024-06-12 12:45:18.314 [info] > git check-ignore -v -z --stdin [16ms]
2024-06-12 12:45:18.352 [info] > git for-each-ref --format=%(refname)%00%(upstream:short)%00%(objectname)%00%(upstream:track)%00%(upstream:remotename)%00%(upstream:remoteref) refs/heads/main refs/remotes/main [579ms]
2024-06-12 12:45:18.357 [warning] ENOENT: no such file or directory, open '/home/tony-mark/Development/code/se-prep/phase-0-completing-assignments-codegrade/.git/refs/remotes/origin/main'
2024-06-12 12:45:18.360 [info] > git rev-parse refs/remotes/origin/main [4ms]
2024-06-12 12:45:18.494 [info] > git status -z -uall [128ms]
2024-06-12 12:45:18.540 [info] > git merge-base refs/heads/main refs/remotes/origin/main [33ms]
2024-06-12 12:45:18.558 [info] > git config --get commit.template [18ms]
2024-06-12 12:45:18.737 [info] > git for-each-ref --format=%(refname)%00%(upstream:short)%00%(objectname)%00%(upstream:track)%00%(upstream:remotename)%00%(upstream:remoteref) refs/heads/main refs/remotes/main [121ms]
2024-06-12 12:45:18.739 [info] > git rev-list --count --left-right refs/heads/main...refs/remotes/origin/main [185ms]
2024-06-12 12:45:18.754 [warning] ENOENT: no such file or directory, open '/home/tony-mark/Development/code/se-prep/phase-0-completing-assignments-codegrade/.git/refs/remotes/origin/main'
2024-06-12 12:45:18.766 [info] > git rev-parse refs/remotes/origin/main [12ms]
2024-06-12 12:45:18.772 [info] > git status -z -uall [3ms]
2024-06-12 12:45:18.787 [info] > git diff --name-status -z --diff-filter=ADMR a2ef352ab7fd8ca0811f0d4411502a3b5d1d0d26...refs/remotes/origin/main [39ms]
2024-06-12 22:28:20.222 [info] > git config --get commit.template [193ms]
2024-06-12 22:28:20.904 [info] > git for-each-ref --format=%(refname)%00%(upstream:short)%00%(objectname)%00%(upstream:track)%00%(upstream:remotename)%00%(upstream:remoteref) refs/heads/main refs/remotes/main [569ms]
2024-06-12 22:28:20.912 [warning] ENOENT: no such file or directory, open '/home/tony-mark/Development/code/se-prep/phase-0-completing-assignments-codegrade/.git/refs/remotes/origin/main'
2024-06-12 22:28:20.916 [info] > git rev-parse refs/remotes/origin/main [4ms]
2024-06-12 22:28:21.133 [info] > git status -z -uall [203ms]
2024-06-12 22:28:26.385 [info] > git config --get commit.template [5ms]
2024-06-12 22:28:26.387 [info] > git for-each-ref --format=%(refname)%00%(upstream:short)%00%(objectname)%00%(upstream:track)%00%(upstream:remotename)%00%(upstream:remoteref) refs/heads/main refs/remotes/main [2ms]
2024-06-12 22:28:26.390 [warning] ENOENT: no such file or directory, open '/home/tony-mark/Development/code/se-prep/phase-0-completing-assignments-codegrade/.git/refs/remotes/origin/main'
2024-06-12 22:28:26.392 [info] > git rev-parse refs/remotes/origin/main [2ms]
2024-06-12 22:28:26.397 [info] > git status -z -uall [2ms]
2024-06-12 22:32:59.578 [warning] ENOENT: no such file or directory, open '/home/tony-mark/Development/code/se-prep/phase-0-completing-assignments-codegrade/.git/HEAD'
2024-06-12 22:32:59.760 [warning] getRemotes() - ENOENT: no such file or directory, open '/home/tony-mark/Development/code/se-prep/phase-0-completing-assignments-codegrade/.git/config'
2024-06-12 22:32:59.903 [warning] ENOENT: no such file or directory, open '/home/tony-mark/Development/code/se-prep/phase-0-completing-assignments-codegrade/.git/HEAD'
2024-06-12 22:32:59.925 [warning] getRemotes() - ENOENT: no such file or directory, open '/home/tony-mark/Development/code/se-prep/phase-0-completing-assignments-codegrade/.git/config'
